2022-02-04 08:31:41,950 [INFO] Activator:177 - 


2022-02-04 08:31:41,950 [INFO] Activator:178 - !SESSION log4j initialized
2022-02-04 08:31:51,418 [INFO] McuFinderGlobals:39 - Set McuFinder mode to 2 (CubeIDE integrated)
2022-02-04 08:31:52,266 [INFO] ApplicationProperties:181 - Using Application install path: C:\ST\STM32CubeIDE_1.7.0\STM32CubeIDE\plugins\com.st.stm32cube.common.mx_6.3.0.202107141111
2022-02-04 08:31:52,313 [INFO] DbMcusXml:74 - Set database path to: C:\ST\STM32CubeIDE_1.7.0\STM32CubeIDE\plugins\com.st.stm32cube.common.mx_6.3.0.202107141111\\db\/mcu/
2022-02-04 08:31:52,313 [INFO] DbBoardsPdsc:56 - Set plugin database path to: C:\ST\STM32CubeIDE_1.7.0\STM32CubeIDE\plugins\com.st.stm32cube.common.mx_6.3.0.202107141111\\db\/plugins/boardmanager/
2022-02-04 08:31:52,313 [INFO] DbMcus:258 - Set plugin images path to: C:\ST\STM32CubeIDE_1.7.0\STM32CubeIDE\plugins\com.st.stm32cube.common.mx_6.3.0.202107141111\\db\/plugins/mcufinder/images/
2022-02-04 08:31:52,313 [INFO] DbBoards:264 - Set plugin images path to: C:\ST\STM32CubeIDE_1.7.0\STM32CubeIDE\plugins\com.st.stm32cube.common.mx_6.3.0.202107141111\\db\/plugins/mcufinder/images/
2022-02-04 08:31:52,329 [INFO] DbExamples:333 - Set plugin images path to: C:\ST\STM32CubeIDE_1.7.0\STM32CubeIDE\plugins\com.st.stm32cube.common.mx_6.3.0.202107141111\\db\/plugins/mcufinder/images/
2022-02-04 08:31:54,692 [ERROR] ApiFinderProperties:213 - Failed to read file additional_hw_images/X-NUCLEO-S2915A1.jpg: C:\Users\teob0014\.stmcufinder\plugins\mcufinder\mcu\additional_hw_images\X-NUCLEO-S2915A1.jpg (The system cannot find the path specified)
2022-02-04 08:31:54,692 [ERROR] ApiFinderProperties:213 - Failed to read file additional_hw_images/X-NUCLEO-S2868A2.jpg: C:\Users\teob0014\.stmcufinder\plugins\mcufinder\mcu\additional_hw_images\X-NUCLEO-S2868A2.jpg (The system cannot find the path specified)
2022-02-04 08:31:54,692 [ERROR] ApiFinderProperties:213 - Failed to read file additional_hw_images/X-NUCLEO-S2868A1.jpg: C:\Users\teob0014\.stmcufinder\plugins\mcufinder\mcu\additional_hw_images\X-NUCLEO-S2868A1.jpg (The system cannot find the path specified)
2022-02-04 08:31:54,708 [ERROR] ApiFinderProperties:213 - Failed to read file additional_hw_images/X-NUCLEO-NFC04A1.jpg: C:\Users\teob0014\.stmcufinder\plugins\mcufinder\mcu\additional_hw_images\X-NUCLEO-NFC04A1.jpg (The system cannot find the path specified)
2022-02-04 08:31:54,708 [ERROR] ApiFinderProperties:213 - Failed to read file additional_hw_images/X-NUCLEO-IDB05A2.jpg: C:\Users\teob0014\.stmcufinder\plugins\mcufinder\mcu\additional_hw_images\X-NUCLEO-IDB05A2.jpg (The system cannot find the path specified)
2022-02-04 08:31:54,708 [ERROR] ApiFinderProperties:213 - Failed to read file additional_hw_images/X-NUCLEO-EEPRMA2.jpg: C:\Users\teob0014\.stmcufinder\plugins\mcufinder\mcu\additional_hw_images\X-NUCLEO-EEPRMA2.jpg (The system cannot find the path specified)
2022-02-04 08:31:54,708 [ERROR] ApiFinderProperties:213 - Failed to read file additional_hw_images/X-NUCLEO-EEPRMA1.jpg: C:\Users\teob0014\.stmcufinder\plugins\mcufinder\mcu\additional_hw_images\X-NUCLEO-EEPRMA1.jpg (The system cannot find the path specified)
2022-02-04 08:31:54,708 [ERROR] ApiFinderProperties:213 - Failed to read file additional_hw_images/X-NUCLEO-6283A1.jpg: C:\Users\teob0014\.stmcufinder\plugins\mcufinder\mcu\additional_hw_images\X-NUCLEO-6283A1.jpg (The system cannot find the path specified)
2022-02-04 08:31:54,708 [ERROR] ApiFinderProperties:213 - Failed to read file additional_hw_images/VD6283TX.jpg: C:\Users\teob0014\.stmcufinder\plugins\mcufinder\mcu\additional_hw_images\VD6283TX.jpg (The system cannot find the path specified)
2022-02-04 08:31:54,708 [ERROR] ApiFinderProperties:213 - Failed to read file additional_hw_images/ST25DV04K.jpg: C:\Users\teob0014\.stmcufinder\plugins\mcufinder\mcu\additional_hw_images\ST25DV04K.jpg (The system cannot find the path specified)
2022-02-04 08:31:54,708 [ERROR] ApiFinderProperties:213 - Failed to read file additional_hw_images/S2-LP.jpg: C:\Users\teob0014\.stmcufinder\plugins\mcufinder\mcu\additional_hw_images\S2-LP.jpg (The system cannot find the path specified)
2022-02-04 08:31:54,708 [ERROR] ApiFinderProperties:213 - Failed to read file additional_hw_images/M95M04-DR.jpg: C:\Users\teob0014\.stmcufinder\plugins\mcufinder\mcu\additional_hw_images\M95M04-DR.jpg (The system cannot find the path specified)
2022-02-04 08:31:54,708 [ERROR] ApiFinderProperties:213 - Failed to read file additional_hw_images/M95M01-DF.jpg: C:\Users\teob0014\.stmcufinder\plugins\mcufinder\mcu\additional_hw_images\M95M01-DF.jpg (The system cannot find the path specified)
2022-02-04 08:31:54,708 [ERROR] ApiFinderProperties:213 - Failed to read file additional_hw_images/M95256-DF.jpg: C:\Users\teob0014\.stmcufinder\plugins\mcufinder\mcu\additional_hw_images\M95256-DF.jpg (The system cannot find the path specified)
2022-02-04 08:31:54,708 [ERROR] ApiFinderProperties:213 - Failed to read file additional_hw_images/M95040-R.jpg: C:\Users\teob0014\.stmcufinder\plugins\mcufinder\mcu\additional_hw_images\M95040-R.jpg (The system cannot find the path specified)
2022-02-04 08:31:54,708 [ERROR] ApiFinderProperties:213 - Failed to read file additional_hw_images/M24M01-DF.jpg: C:\Users\teob0014\.stmcufinder\plugins\mcufinder\mcu\additional_hw_images\M24M01-DF.jpg (The system cannot find the path specified)
2022-02-04 08:31:54,708 [ERROR] ApiFinderProperties:213 - Failed to read file additional_hw_images/M24C02-F.jpg: C:\Users\teob0014\.stmcufinder\plugins\mcufinder\mcu\additional_hw_images\M24C02-F.jpg (The system cannot find the path specified)
2022-02-04 08:31:54,708 [ERROR] ApiFinderProperties:213 - Failed to read file additional_hw_images/M24256-DF.jpg: C:\Users\teob0014\.stmcufinder\plugins\mcufinder\mcu\additional_hw_images\M24256-DF.jpg (The system cannot find the path specified)
2022-02-04 08:31:54,708 [ERROR] ApiFinderProperties:213 - Failed to read file additional_hw_images/BlueNRG-M0.jpg: C:\Users\teob0014\.stmcufinder\plugins\mcufinder\mcu\additional_hw_images\BlueNRG-M0.jpg (The system cannot find the path specified)
2022-02-04 08:31:55,176 [WARN] ApiFinderProperties:104 - C:\Users\teob0014\.stmcufinder\plugins\mcufinder\mcu\mcuFinder.mfd doesn't exist
2022-02-04 08:31:55,176 [INFO] DbMcusAds:119 - Set database path to: C:\Users\teob0014\.stmcufinder\plugins\mcufinder//mcu/
2022-02-04 08:31:55,192 [INFO] DbMcusDocs:110 - Set database path to: C:\Users\teob0014\.stmcufinder\plugins\mcufinder//mcu/
2022-02-04 08:31:55,192 [INFO] DbMcusJson:64 - Set database path to: C:\Users\teob0014\.stmcufinder\plugins\mcufinder//mcu/
2022-02-04 08:31:55,192 [INFO] DbBoardsDocs:110 - Set database path to: C:\Users\teob0014\.stmcufinder\plugins\mcufinder//mcu/
2022-02-04 08:31:55,192 [INFO] DbBoardsJson:57 - Set database path to: C:\Users\teob0014\.stmcufinder\plugins\mcufinder//mcu/
2022-02-04 08:31:55,208 [INFO] CrossReferenceDbSqlite:196 - Set database path to: C:\Users\teob0014\.stmcufinder\plugins\mcufinder//mcu/cs/
2022-02-04 08:31:55,208 [INFO] DbExamplesSqlite:767 - Set database path to: C:\Users\teob0014\.stmcufinder\plugins\mcufinder//mcu/
2022-02-04 08:31:55,348 [INFO] RulesReader:57 - Compatibility file has been processed (242 Rules)
2022-02-04 08:31:55,567 [INFO] DbMcusXml:74 - Set database path to: C:\ST\STM32CubeIDE_1.7.0\STM32CubeIDE\plugins\com.st.stm32cube.common.mx_6.3.0.202107141111\\db\/mcu/
2022-02-04 08:31:55,567 [INFO] DbBoardsPdsc:56 - Set plugin database path to: C:\ST\STM32CubeIDE_1.7.0\STM32CubeIDE\plugins\com.st.stm32cube.common.mx_6.3.0.202107141111\\db\/plugins/boardmanager/
2022-02-04 08:31:55,567 [INFO] DbMcus:258 - Set plugin images path to: C:\ST\STM32CubeIDE_1.7.0\STM32CubeIDE\plugins\com.st.stm32cube.common.mx_6.3.0.202107141111\\db\/plugins/mcufinder/images/
2022-02-04 08:31:55,567 [INFO] DbBoards:264 - Set plugin images path to: C:\ST\STM32CubeIDE_1.7.0\STM32CubeIDE\plugins\com.st.stm32cube.common.mx_6.3.0.202107141111\\db\/plugins/mcufinder/images/
2022-02-04 08:31:55,567 [INFO] DbExamples:333 - Set plugin images path to: C:\ST\STM32CubeIDE_1.7.0\STM32CubeIDE\plugins\com.st.stm32cube.common.mx_6.3.0.202107141111\\db\/plugins/mcufinder/images/
2022-02-04 08:31:55,567 [WARN] DbFile:35 - Overriding database path with different value: C:\Users\teob0014\.stmcufinder\plugins\mcufinder/ => C:\Users\teob0014\.stmcufinder\plugins\mcufinder
2022-02-04 08:31:55,567 [INFO] DbMcusAds:119 - Set database path to: C:\Users\teob0014\.stmcufinder\plugins\mcufinder//mcu/
2022-02-04 08:31:55,567 [WARN] DbFile:35 - Overriding database path with different value: C:\Users\teob0014\.stmcufinder\plugins\mcufinder/ => C:\Users\teob0014\.stmcufinder\plugins\mcufinder
2022-02-04 08:31:55,567 [INFO] DbMcusDocs:110 - Set database path to: C:\Users\teob0014\.stmcufinder\plugins\mcufinder//mcu/
2022-02-04 08:31:55,567 [WARN] DbFile:35 - Overriding database path with different value: C:\Users\teob0014\.stmcufinder\plugins\mcufinder/ => C:\Users\teob0014\.stmcufinder\plugins\mcufinder
2022-02-04 08:31:55,567 [INFO] DbMcusJson:64 - Set database path to: C:\Users\teob0014\.stmcufinder\plugins\mcufinder//mcu/
2022-02-04 08:31:55,567 [WARN] DbFile:35 - Overriding database path with different value: C:\Users\teob0014\.stmcufinder\plugins\mcufinder/ => C:\Users\teob0014\.stmcufinder\plugins\mcufinder
2022-02-04 08:31:55,567 [INFO] DbBoardsDocs:110 - Set database path to: C:\Users\teob0014\.stmcufinder\plugins\mcufinder//mcu/
2022-02-04 08:31:55,567 [WARN] DbFile:35 - Overriding database path with different value: C:\Users\teob0014\.stmcufinder\plugins\mcufinder/ => C:\Users\teob0014\.stmcufinder\plugins\mcufinder
2022-02-04 08:31:55,567 [INFO] DbBoardsJson:57 - Set database path to: C:\Users\teob0014\.stmcufinder\plugins\mcufinder//mcu/
2022-02-04 08:31:55,567 [WARN] DbFile:35 - Overriding database path with different value: C:\Users\teob0014\.stmcufinder\plugins\mcufinder/ => C:\Users\teob0014\.stmcufinder\plugins\mcufinder
2022-02-04 08:31:55,567 [WARN] DbFile:35 - Overriding database path with different value: C:\Users\teob0014\.stmcufinder\plugins\mcufinder/ => C:\Users\teob0014\.stmcufinder\plugins\mcufinder
2022-02-04 08:31:55,567 [INFO] CrossReferenceDbSqlite:196 - Set database path to: C:\Users\teob0014\.stmcufinder\plugins\mcufinder//mcu/cs/
2022-02-04 08:31:55,567 [WARN] DbFile:35 - Overriding database path with different value: C:\Users\teob0014\.stmcufinder\plugins\mcufinder/ => C:\Users\teob0014\.stmcufinder\plugins\mcufinder
2022-02-04 08:31:55,567 [INFO] DbExamplesSqlite:767 - Set database path to: C:\Users\teob0014\.stmcufinder\plugins\mcufinder//mcu/
2022-02-04 08:31:55,754 [INFO] MainPanel:214 - HeapMemory: 268435456
2022-02-04 08:31:56,036 [INFO] DbMcusXml:74 - Set database path to: C:\ST\STM32CubeIDE_1.7.0\STM32CubeIDE\plugins\com.st.stm32cube.common.mx_6.3.0.202107141111\\db\/mcu/
2022-02-04 08:31:56,036 [INFO] DbBoardsPdsc:56 - Set plugin database path to: C:\ST\STM32CubeIDE_1.7.0\STM32CubeIDE\plugins\com.st.stm32cube.common.mx_6.3.0.202107141111\\db\/plugins/boardmanager/
2022-02-04 08:31:56,036 [INFO] DbMcus:258 - Set plugin images path to: C:\ST\STM32CubeIDE_1.7.0\STM32CubeIDE\plugins\com.st.stm32cube.common.mx_6.3.0.202107141111\\db\/plugins/mcufinder/images/
2022-02-04 08:31:56,036 [INFO] DbBoards:264 - Set plugin images path to: C:\ST\STM32CubeIDE_1.7.0\STM32CubeIDE\plugins\com.st.stm32cube.common.mx_6.3.0.202107141111\\db\/plugins/mcufinder/images/
2022-02-04 08:31:56,036 [INFO] DbExamples:333 - Set plugin images path to: C:\ST\STM32CubeIDE_1.7.0\STM32CubeIDE\plugins\com.st.stm32cube.common.mx_6.3.0.202107141111\\db\/plugins/mcufinder/images/
2022-02-04 08:31:56,036 [WARN] DbFile:35 - Overriding database path with different value: C:\Users\teob0014\.stmcufinder\plugins\mcufinder/ => C:\Users\teob0014\.stmcufinder\plugins\mcufinder
2022-02-04 08:31:56,036 [INFO] DbMcusAds:119 - Set database path to: C:\Users\teob0014\.stmcufinder\plugins\mcufinder//mcu/
2022-02-04 08:31:56,036 [WARN] DbFile:35 - Overriding database path with different value: C:\Users\teob0014\.stmcufinder\plugins\mcufinder/ => C:\Users\teob0014\.stmcufinder\plugins\mcufinder
2022-02-04 08:31:56,036 [INFO] DbMcusDocs:110 - Set database path to: C:\Users\teob0014\.stmcufinder\plugins\mcufinder//mcu/
2022-02-04 08:31:56,036 [WARN] DbFile:35 - Overriding database path with different value: C:\Users\teob0014\.stmcufinder\plugins\mcufinder/ => C:\Users\teob0014\.stmcufinder\plugins\mcufinder
2022-02-04 08:31:56,036 [INFO] DbMcusJson:64 - Set database path to: C:\Users\teob0014\.stmcufinder\plugins\mcufinder//mcu/
2022-02-04 08:31:56,036 [WARN] DbFile:35 - Overriding database path with different value: C:\Users\teob0014\.stmcufinder\plugins\mcufinder/ => C:\Users\teob0014\.stmcufinder\plugins\mcufinder
2022-02-04 08:31:56,036 [INFO] DbBoardsDocs:110 - Set database path to: C:\Users\teob0014\.stmcufinder\plugins\mcufinder//mcu/
2022-02-04 08:31:56,036 [WARN] DbFile:35 - Overriding database path with different value: C:\Users\teob0014\.stmcufinder\plugins\mcufinder/ => C:\Users\teob0014\.stmcufinder\plugins\mcufinder
2022-02-04 08:31:56,036 [INFO] DbBoardsJson:57 - Set database path to: C:\Users\teob0014\.stmcufinder\plugins\mcufinder//mcu/
2022-02-04 08:31:56,036 [WARN] DbFile:35 - Overriding database path with different value: C:\Users\teob0014\.stmcufinder\plugins\mcufinder/ => C:\Users\teob0014\.stmcufinder\plugins\mcufinder
2022-02-04 08:31:56,036 [WARN] DbFile:35 - Overriding database path with different value: C:\Users\teob0014\.stmcufinder\plugins\mcufinder/ => C:\Users\teob0014\.stmcufinder\plugins\mcufinder
2022-02-04 08:31:56,036 [INFO] CrossReferenceDbSqlite:196 - Set database path to: C:\Users\teob0014\.stmcufinder\plugins\mcufinder//mcu/cs/
2022-02-04 08:31:56,036 [WARN] DbFile:35 - Overriding database path with different value: C:\Users\teob0014\.stmcufinder\plugins\mcufinder/ => C:\Users\teob0014\.stmcufinder\plugins\mcufinder
2022-02-04 08:31:56,036 [INFO] DbExamplesSqlite:767 - Set database path to: C:\Users\teob0014\.stmcufinder\plugins\mcufinder//mcu/
2022-02-04 08:31:56,082 [INFO] ApplicationProperties:181 - Using Application install path: C:\ST\STM32CubeIDE_1.7.0\STM32CubeIDE\plugins\com.st.stm32cube.common.mx_6.3.0.202107141111
2022-02-04 08:31:56,082 [INFO] PluginManage:188 - Search for loadable plugins [exclusion list=, ]
2022-02-04 08:31:56,082 [INFO] PluginManage:302 - Check plugin analytics
2022-02-04 08:31:56,301 [INFO] AnalyticsPlugin:257 - Accepted Software Licenses: 
2022-02-04 08:31:56,301 [INFO] AnalyticsPlugin:259 - Accepted CMSIS Pack Licenses: 
2022-02-04 08:31:56,301 [INFO] AnalyticsPlugin:261 - Accepted Firmware Licenses: 
2022-02-04 08:31:56,301 [INFO] PluginManage:352 - Loaded plugin analytics (category:tool,tabindex:-1)
2022-02-04 08:31:56,301 [INFO] PluginManage:302 - Check plugin clock
2022-02-04 08:31:56,348 [INFO] PluginManage:352 - Loaded plugin clock (category:base,tabindex:2)
2022-02-04 08:31:56,348 [INFO] PluginManage:302 - Check plugin ddr
2022-02-04 08:31:56,364 [INFO] PluginManage:352 - Loaded plugin ddr (category:tool,tabindex:6)
2022-02-04 08:31:56,364 [INFO] PluginManage:302 - Check plugin filemanager
2022-02-04 08:31:56,567 [INFO] PluginManage:352 - Loaded plugin filemanager (category:base,tabindex:10)
2022-02-04 08:31:56,567 [INFO] PluginManage:302 - Check plugin ipmanager
2022-02-04 08:31:56,598 [INFO] PluginManage:352 - Loaded plugin ipmanager (category:base,tabindex:5)
2022-02-04 08:31:56,598 [INFO] PluginManage:302 - Check plugin pinoutandconfiguration
2022-02-04 08:31:56,645 [INFO] PluginManage:352 - Loaded plugin pinoutandconfiguration (category:base,tabindex:1)
2022-02-04 08:31:56,645 [INFO] PluginManage:302 - Check plugin pinoutconfig
2022-02-04 08:31:56,707 [INFO] PluginManage:352 - Loaded plugin pinoutconfig (category:base,tabindex:0)
2022-02-04 08:31:56,707 [INFO] PluginManage:302 - Check plugin power
2022-02-04 08:31:56,785 [INFO] PluginManage:352 - Loaded plugin power (category:power,tabindex:4)
2022-02-04 08:31:56,785 [INFO] PluginManage:302 - Check plugin projectmanager
2022-02-04 08:31:56,801 [INFO] PluginManage:352 - Loaded plugin projectmanager (category:projectmanager,tabindex:3)
2022-02-04 08:31:56,801 [INFO] PluginManage:302 - Check plugin thirdparty
2022-02-04 08:31:57,207 [WARN] IntegrityCheckThread:78 - waiting for thirdparty lock release [integrity check]
2022-02-04 08:31:57,207 [INFO] PluginManage:352 - Loaded plugin thirdparty (category:base,tabindex:-1)
2022-02-04 08:31:57,207 [INFO] IntegrityCheckThread:80 - entering critical section [integrity check]
2022-02-04 08:31:57,207 [INFO] PluginManage:302 - Check plugin tools
2022-02-04 08:31:57,207 [INFO] ThirdPartyUpdaterWithRetryManager:66 - Updater plugin not ready yet. [1/15]
2022-02-04 08:31:57,223 [INFO] PluginManage:352 - Loaded plugin tools (category:base,tabindex:7)
2022-02-04 08:31:57,223 [INFO] PluginManage:302 - Check plugin tutovideos
2022-02-04 08:31:57,801 [INFO] PluginManage:352 - Loaded plugin tutovideos (category:base,tabindex:-1)
2022-02-04 08:31:57,801 [INFO] PluginManage:302 - Check plugin updater
2022-02-04 08:31:57,832 [INFO] PluginManage:352 - Loaded plugin updater (category:base,tabindex:12)
2022-02-04 08:31:57,832 [INFO] PluginManage:275 - PluginManage : Loaded plugins [13]
2022-02-04 08:31:58,176 [INFO] PinOutPanel:1463 - setPackage(No Configuration,No Configuration)
2022-02-04 08:31:58,379 [INFO] IPUIPlugin:74 - create IPUIPlugin
2022-02-04 08:31:58,379 [INFO] PluginManager:213 - loadIPPluginJar : add adc
2022-02-04 08:31:58,472 [INFO] IPUIPlugin:74 - create IPUIPlugin
2022-02-04 08:31:58,472 [INFO] PluginManager:213 - loadIPPluginJar : add aes
2022-02-04 08:31:58,488 [INFO] IPUIPlugin:74 - create IPUIPlugin
2022-02-04 08:31:58,488 [INFO] PluginManager:213 - loadIPPluginJar : add can
2022-02-04 08:31:58,504 [INFO] IPUIPlugin:74 - create IPUIPlugin
2022-02-04 08:31:58,504 [INFO] PluginManager:213 - loadIPPluginJar : add comp
2022-02-04 08:31:58,519 [INFO] IPUIPlugin:74 - create IPUIPlugin
2022-02-04 08:31:58,519 [INFO] PluginManager:213 - loadIPPluginJar : add cryp
2022-02-04 08:31:58,519 [INFO] IPUIPlugin:74 - create IPUIPlugin
2022-02-04 08:31:58,519 [INFO] PluginManager:213 - loadIPPluginJar : add dfsdm
2022-02-04 08:31:58,551 [INFO] IPUIPlugin:74 - create IPUIPlugin
2022-02-04 08:31:58,551 [INFO] PluginManager:213 - loadIPPluginJar : add dma
2022-02-04 08:31:58,566 [INFO] IPUIPlugin:74 - create IPUIPlugin
2022-02-04 08:31:58,566 [INFO] PluginManager:213 - loadIPPluginJar : add dma3
2022-02-04 08:31:58,582 [INFO] IPUIPlugin:74 - create IPUIPlugin
2022-02-04 08:31:58,582 [INFO] PluginManager:213 - loadIPPluginJar : add fatfs
2022-02-04 08:31:58,597 [INFO] IPUIPlugin:74 - create IPUIPlugin
2022-02-04 08:31:58,597 [INFO] PluginManager:213 - loadIPPluginJar : add fmc
2022-02-04 08:31:58,629 [INFO] IPUIPlugin:74 - create IPUIPlugin
2022-02-04 08:31:58,629 [INFO] PluginManager:213 - loadIPPluginJar : add freertos
2022-02-04 08:31:58,644 [INFO] IPUIPlugin:74 - create IPUIPlugin
2022-02-04 08:31:58,644 [INFO] PluginManager:213 - loadIPPluginJar : add genericplugin
2022-02-04 08:31:58,660 [INFO] IPUIPlugin:74 - create IPUIPlugin
2022-02-04 08:31:58,660 [INFO] PluginManager:213 - loadIPPluginJar : add gfxmmu
2022-02-04 08:31:58,691 [INFO] IPUIPlugin:74 - create IPUIPlugin
2022-02-04 08:31:58,691 [INFO] PluginManager:213 - loadIPPluginJar : add gic
2022-02-04 08:31:58,722 [INFO] IPUIPlugin:74 - create IPUIPlugin
2022-02-04 08:31:58,722 [INFO] PluginManager:213 - loadIPPluginJar : add gpio
2022-02-04 08:31:58,754 [INFO] IPUIPlugin:74 - create IPUIPlugin
2022-02-04 08:31:58,754 [INFO] PluginManager:213 - loadIPPluginJar : add gtzc
2022-02-04 08:31:58,754 [INFO] IPUIPlugin:74 - create IPUIPlugin
2022-02-04 08:31:58,754 [INFO] PluginManager:213 - loadIPPluginJar : add hash
2022-02-04 08:31:58,769 [INFO] IPUIPlugin:74 - create IPUIPlugin
2022-02-04 08:31:58,769 [INFO] PluginManager:213 - loadIPPluginJar : add i2c
2022-02-04 08:31:58,785 [INFO] IPUIPlugin:74 - create IPUIPlugin
2022-02-04 08:31:58,785 [INFO] PluginManager:213 - loadIPPluginJar : add i2s
2022-02-04 08:31:58,816 [INFO] IPUIPlugin:74 - create IPUIPlugin
2022-02-04 08:31:58,816 [INFO] PluginManager:213 - loadIPPluginJar : add ipddr
2022-02-04 08:31:58,832 [INFO] IPUIPlugin:74 - create IPUIPlugin
2022-02-04 08:31:58,832 [INFO] PluginManager:213 - loadIPPluginJar : add linkedlist
2022-02-04 08:31:58,847 [INFO] IPUIPlugin:74 - create IPUIPlugin
2022-02-04 08:31:58,847 [INFO] PluginManager:213 - loadIPPluginJar : add lorawan
2022-02-04 08:31:58,863 [INFO] IPUIPlugin:74 - create IPUIPlugin
2022-02-04 08:31:58,863 [INFO] PluginManager:213 - loadIPPluginJar : add ltdc
2022-02-04 08:31:58,894 [INFO] IPUIPlugin:74 - create IPUIPlugin
2022-02-04 08:31:58,894 [INFO] PluginManager:213 - loadIPPluginJar : add mdma
2022-02-04 08:31:58,925 [INFO] IPUIPlugin:74 - create IPUIPlugin
2022-02-04 08:31:58,925 [INFO] PluginManager:213 - loadIPPluginJar : add nvic
2022-02-04 08:31:58,941 [INFO] IPUIPlugin:74 - create IPUIPlugin
2022-02-04 08:31:58,941 [INFO] PluginManager:213 - loadIPPluginJar : add opamp
2022-02-04 08:31:58,957 [INFO] IPUIPlugin:74 - create IPUIPlugin
2022-02-04 08:31:58,957 [INFO] PluginManager:213 - loadIPPluginJar : add openamp
2022-02-04 08:31:58,972 [INFO] IPUIPlugin:74 - create IPUIPlugin
2022-02-04 08:31:58,972 [INFO] PluginManager:213 - loadIPPluginJar : add pdm2pcm
2022-02-04 08:31:59,004 [INFO] IPUIPlugin:74 - create IPUIPlugin
2022-02-04 08:31:59,004 [INFO] PluginManager:213 - loadIPPluginJar : add plateformsettings
2022-02-04 08:31:59,019 [INFO] IPUIPlugin:74 - create IPUIPlugin
2022-02-04 08:31:59,019 [INFO] PluginManager:213 - loadIPPluginJar : add quadspi
2022-02-04 08:31:59,050 [INFO] IPUIPlugin:74 - create IPUIPlugin
2022-02-04 08:31:59,050 [INFO] PluginManager:213 - loadIPPluginJar : add resmgrutility
2022-02-04 08:31:59,066 [INFO] IPUIPlugin:74 - create IPUIPlugin
2022-02-04 08:31:59,066 [INFO] PluginManager:213 - loadIPPluginJar : add sai
2022-02-04 08:31:59,082 [INFO] IPUIPlugin:74 - create IPUIPlugin
2022-02-04 08:31:59,082 [INFO] PluginManager:213 - loadIPPluginJar : add spi
2022-02-04 08:31:59,097 [INFO] IPUIPlugin:74 - create IPUIPlugin
2022-02-04 08:31:59,097 [INFO] PluginManager:213 - loadIPPluginJar : add stm32_wpan
2022-02-04 08:31:59,113 [INFO] IPUIPlugin:74 - create IPUIPlugin
2022-02-04 08:31:59,113 [INFO] PluginManager:213 - loadIPPluginJar : add tim
2022-02-04 08:31:59,128 [INFO] IPUIPlugin:74 - create IPUIPlugin
2022-02-04 08:31:59,128 [INFO] PluginManager:213 - loadIPPluginJar : add touchsensing
2022-02-04 08:31:59,144 [INFO] IPUIPlugin:74 - create IPUIPlugin
2022-02-04 08:31:59,144 [INFO] PluginManager:213 - loadIPPluginJar : add tracer_emb
2022-02-04 08:31:59,160 [INFO] IPUIPlugin:74 - create IPUIPlugin
2022-02-04 08:31:59,160 [INFO] PluginManager:213 - loadIPPluginJar : add ts
2022-02-04 08:31:59,160 [INFO] IPUIPlugin:74 - create IPUIPlugin
2022-02-04 08:31:59,160 [INFO] PluginManager:213 - loadIPPluginJar : add tsc
2022-02-04 08:31:59,175 [INFO] IPUIPlugin:74 - create IPUIPlugin
2022-02-04 08:31:59,175 [INFO] PluginManager:213 - loadIPPluginJar : add ucpd
2022-02-04 08:31:59,207 [INFO] IPUIPlugin:74 - create IPUIPlugin
2022-02-04 08:31:59,207 [INFO] PluginManager:213 - loadIPPluginJar : add usart
2022-02-04 08:31:59,222 [INFO] IPUIPlugin:74 - create IPUIPlugin
2022-02-04 08:31:59,222 [INFO] PluginManager:213 - loadIPPluginJar : add usbx
2022-02-04 08:31:59,620 [FATAL] Updater:294 - Updater called before beeing initialized
2022-02-04 08:31:59,776 [FATAL] Updater:294 - Updater called before beeing initialized
2022-02-04 08:31:59,792 [INFO] DbMcusAds:47 - JSON generation date=Tue May 11 23:32:49 SGT 2021 (1620747169502)
2022-02-04 08:31:59,792 [FATAL] Updater:294 - Updater called before beeing initialized
2022-02-04 08:31:59,901 [WARN] DetailPanel:314 - Failed to get advertising image, set to default
2022-02-04 08:32:00,010 [FATAL] Updater:294 - Updater called before beeing initialized
2022-02-04 08:32:00,010 [FATAL] Updater:294 - Updater called before beeing initialized
2022-02-04 08:32:00,010 [FATAL] Updater:294 - Updater called before beeing initialized
2022-02-04 08:32:00,010 [WARN] DetailPanel:314 - Failed to get advertising image, set to default
2022-02-04 08:32:00,010 [FATAL] Updater:294 - Updater called before beeing initialized
2022-02-04 08:32:00,057 [ERROR] Updater:1075 - MainUpdater not yet initialized. External WinMGr cannot be set.
2022-02-04 08:32:00,073 [INFO] Updater:1012 - Updater Version found : 6.3.0
2022-02-04 08:32:00,120 [INFO] ApplicationProperties:181 - Using Application install path: C:\ST\STM32CubeIDE_1.7.0\STM32CubeIDE\plugins\com.st.stm32cube.common.mx_6.3.0.202107141111
2022-02-04 08:32:00,182 [INFO] MainUpdater:489 - Copy updater definitions from MX database
2022-02-04 08:32:00,213 [INFO] ThirdPartyUpdaterWithRetryManager:66 - Updater plugin not ready yet. [2/15]
2022-02-04 08:32:00,229 [INFO] MainUpdater:522 - Copy flag file definitions from MX database
2022-02-04 08:32:00,229 [INFO] MainUpdater:538 - Copy thirdparty index definitions from MX database
2022-02-04 08:32:00,245 [INFO] MainUpdater:557 - Copy default thirdparty db definitions from MX database
2022-02-04 08:32:00,385 [INFO] MainUpdater:2671 - connection check result : 10
2022-02-04 08:32:00,385 [INFO] MainUpdater:3359 - Updater definition file requires update
2022-02-04 08:32:00,385 [INFO] MainUpdater:265 - Updater Check For Update Now.
2022-02-04 08:32:00,385 [INFO] MicroXplorer:478 - Change Database Version : DB.6.0.30
2022-02-04 08:32:00,417 [INFO] ServerAccessManage:362 - Download File updaters.zip
2022-02-04 08:32:00,510 [INFO] FileExtend:235 - Unzip File : updaters.zip
2022-02-04 08:32:00,510 [INFO] FileExtend:250 - Standard Zip Deflate
2022-02-04 08:32:01,619 [INFO] ServerAccessManage:362 - Download File PacksControlFlags.xml
2022-02-04 08:32:01,666 [INFO] ServerAccessManage:362 - Download File cubemx.pidx
2022-02-04 08:32:02,057 [INFO] ServerAccessManage:362 - Download File STMicroelectronics.X-CUBE-AI.pdsc
2022-02-04 08:32:03,228 [WARN] MainUpdater:1122 - Updater busy. Cannot search thirdparties
2022-02-04 08:32:03,228 [INFO] ThirdPartyUpdaterWithRetryManager:92 - Updater plugin is busy. [1/15]
2022-02-04 08:32:05,368 [INFO] ServerAccessManage:362 - Download File STMicroelectronics.X-CUBE-ALS.pdsc
2022-02-04 08:32:06,243 [WARN] MainUpdater:1122 - Updater busy. Cannot search thirdparties
2022-02-04 08:32:06,243 [INFO] ThirdPartyUpdaterWithRetryManager:92 - Updater plugin is busy. [2/15]
2022-02-04 08:32:06,571 [INFO] ServerAccessManage:362 - Download File STMicroelectronics.X-CUBE-BLE1.pdsc
2022-02-04 08:32:09,248 [WARN] MainUpdater:1122 - Updater busy. Cannot search thirdparties
2022-02-04 08:32:09,248 [INFO] ThirdPartyUpdaterWithRetryManager:92 - Updater plugin is busy. [3/15]
2022-02-04 08:32:11,263 [ERROR] ServerAccessManage:974 - Problem, file not found on Server
2022-02-04 08:32:11,342 [INFO] MainUpdater:2671 - connection check result : 10
2022-02-04 08:32:11,482 [INFO] ServerAccessManage:362 - Download File STMicroelectronics.X-CUBE-BLE2.pdsc
2022-02-04 08:32:12,263 [WARN] MainUpdater:1122 - Updater busy. Cannot search thirdparties
2022-02-04 08:32:12,263 [INFO] ThirdPartyUpdaterWithRetryManager:92 - Updater plugin is busy. [4/15]
2022-02-04 08:32:13,983 [INFO] ServerAccessManage:362 - Download File STMicroelectronics.X-CUBE-DISPLAY.pdsc
2022-02-04 08:32:15,008 [INFO] ServerAccessManage:362 - Download File STMicroelectronics.X-CUBE-EEPRMA1.pdsc
2022-02-04 08:32:15,275 [WARN] MainUpdater:1122 - Updater busy. Cannot search thirdparties
2022-02-04 08:32:15,275 [INFO] ThirdPartyUpdaterWithRetryManager:92 - Updater plugin is busy. [5/15]
2022-02-04 08:32:15,935 [INFO] ServerAccessManage:362 - Download File STMicroelectronics.X-CUBE-GNSS1.pdsc
2022-02-04 08:32:18,278 [WARN] MainUpdater:1122 - Updater busy. Cannot search thirdparties
2022-02-04 08:32:18,278 [INFO] ThirdPartyUpdaterWithRetryManager:92 - Updater plugin is busy. [6/15]
2022-02-04 08:32:18,531 [ERROR] ServerAccessManage:974 - Problem, file not found on Server
2022-02-04 08:32:18,738 [ERROR] ServerAccessManage:974 - Problem, file not found on Server
2022-02-04 08:32:18,942 [ERROR] ServerAccessManage:974 - Problem, file not found on Server
2022-02-04 08:32:19,336 [ERROR] ServerAccessManage:974 - Problem, file not found on Server
2022-02-04 08:32:19,712 [ERROR] ServerAccessManage:974 - Problem, file not found on Server
2022-02-04 08:32:19,918 [ERROR] ServerAccessManage:974 - Problem, file not found on Server
2022-02-04 08:32:20,185 [INFO] ServerAccessManage:362 - Download File STMicroelectronics.X-CUBE-MEMS1.pdsc
2022-02-04 08:32:21,285 [WARN] MainUpdater:1122 - Updater busy. Cannot search thirdparties
2022-02-04 08:32:21,285 [INFO] ThirdPartyUpdaterWithRetryManager:92 - Updater plugin is busy. [7/15]
2022-02-04 08:32:22,550 [INFO] McuFinderGlobals:52 - Set McuFinderConnectedMode to false
2022-02-04 08:32:22,722 [INFO] CrossSelectorPresenter:1330 - Cross Selector saved comparison directory: C:\Users\teob0014\.stmcufinder\plugins\mcufinder\mcu\cs_comparisons_mx
2022-02-04 08:32:22,738 [INFO] MultiScanPanel:197 - Auto-refresh data requested => check proxy status ongoing
2022-02-04 08:32:22,738 [INFO] MultiScanPanel:201 - Proxy status is invalid
2022-02-04 08:32:22,753 [INFO] FinderPluginLoader:87 - Searching for filters in installed packs
2022-02-04 08:32:22,753 [INFO] DbMcusXml:100 - Load MCU database from C:\ST\STM32CubeIDE_1.7.0\STM32CubeIDE\plugins\com.st.stm32cube.common.mx_6.3.0.202107141111\\db\/mcu/families.xml
2022-02-04 08:32:23,550 [INFO] DbMcusJson:93 - JSON generation date=Mon Jun 07 16:53:21 SGT 2021 (1623056001)
2022-02-04 08:32:24,010 [INFO] DbMcus:175 - Found 1951 MCUs (1903 are supported by CubeMX, 1903 are visible in CubeMX)
2022-02-04 08:32:24,025 [INFO] ApiDb:242 - User favorites file not found: C:\Users\teob0014/.stm32cubeide/favorites.mcus.txt
2022-02-04 08:32:24,025 [INFO] DbMcus:187 - Set 0 / 0 favorites MCUs
2022-02-04 08:32:24,291 [WARN] MainUpdater:1122 - Updater busy. Cannot search thirdparties
2022-02-04 08:32:24,291 [INFO] ThirdPartyUpdaterWithRetryManager:92 - Updater plugin is busy. [8/15]
2022-02-04 08:32:24,494 [WARN] DetailPanel:314 - Failed to get advertising image, set to default
2022-02-04 08:32:24,791 [INFO] DbBoardsPdsc:90 - Found 25 items
2022-02-04 08:32:24,806 [INFO] DbBoardsPdsc:90 - Found 9 items
2022-02-04 08:32:24,806 [INFO] DbBoardsPdsc:90 - Found 33 items
2022-02-04 08:32:24,822 [INFO] DbBoardsPdsc:90 - Found 1 items
2022-02-04 08:32:24,838 [INFO] DbBoardsPdsc:90 - Found 48 items
2022-02-04 08:32:24,853 [INFO] DbBoardsPdsc:90 - Found 43 items
2022-02-04 08:32:24,853 [INFO] DbBoardsPdsc:90 - Found 2 items
2022-02-04 08:32:24,947 [INFO] DbBoardsPdsc:90 - Found 5 items
2022-02-04 08:32:24,963 [WARN] DbBoardsPdsc:254 - Board STM32H7B3I-DK: unknown feature type=Audio, name=, username=Audio stereo codec with Headphone Amp (CS42L51-CNZ), n=1
2022-02-04 08:32:24,963 [WARN] DbBoardsPdsc:254 - Board STM32H735G-DK: unknown feature type=Audio, name=, username=Audio stereo codec with Headphone Amp (WM8994ECS/R), n=1
2022-02-04 08:32:24,963 [WARN] DbBoardsPdsc:254 - Board STM32H7B3I-EVAL: unknown feature type=Audio, name=, username=Multi-Channel Audio Codec (CS42L51-CNZ), n=1
2022-02-04 08:32:24,963 [WARN] DbBoardsPdsc:254 - Board STM32H7B3I-EVAL: unknown feature type=Meter, name=, username=Power-metering and Temperature-monitoring with sigma-delta modulators, n=1
2022-02-04 08:32:24,963 [WARN] DbBoardsPdsc:254 - Board STM32H7B3I-EVAL: unknown feature type=Motor, name=, username=Motor Control, n=1
2022-02-04 08:32:24,963 [WARN] DbBoardsPdsc:254 - Board STM32U575I-EV: unknown feature type=joystick, name=, username=4-direction joystick with selection button, n=1
2022-02-04 08:32:24,963 [INFO] DbBoardsJson:86 - JSON generation date=Tue Jun 01 13:52:40 SGT 2021 (1622526760)
2022-02-04 08:32:24,978 [INFO] DbBoards:117 - Found 166 boards (163 are supported by CubeMX)
2022-02-04 08:32:24,978 [INFO] DbBoardsDocs:143 - JSON generation date=Tue Jun 01 13:52:40 SGT 2021 (1622526760)
2022-02-04 08:32:25,009 [INFO] DbBoardsDocs:79 - Found 193 boards documents
2022-02-04 08:32:25,009 [WARN] DbBoards:127 - board B-L462E-CELL1 has no document id list !
2022-02-04 08:32:25,009 [WARN] DbBoards:127 - board B-L475E-IOT01A2 has no document id list !
2022-02-04 08:32:25,009 [WARN] DbBoards:127 - board B-U585I-IOT02A has no document id list !
2022-02-04 08:32:25,009 [WARN] DbBoards:127 - board NUCLEO-G0B1RE has no document id list !
2022-02-04 08:32:25,009 [WARN] DbBoards:127 - board NUCLEO-H743ZI has no document id list !
2022-02-04 08:32:25,009 [WARN] DbBoards:127 - board NUCLEO-L4A6ZG has no document id list !
2022-02-04 08:32:25,009 [WARN] DbBoards:127 - board NUCLEO-U575ZI-Q has no document id list !
2022-02-04 08:32:25,009 [WARN] DbBoards:127 - board NUCLEO-WB15CC has no document id list !
2022-02-04 08:32:25,009 [WARN] DbBoards:127 - board NUCLEO-WB55RG has no document id list !
2022-02-04 08:32:25,009 [WARN] DbBoards:127 - board NUCLEO-WL55JC2 has no document id list !
2022-02-04 08:32:25,009 [WARN] DbBoards:127 - board P-NUCLEO-WB55-Nucleo has no document id list !
2022-02-04 08:32:25,009 [WARN] DbBoards:127 - board P-NUCLEO-WB55-USBDongle has no document id list !
2022-02-04 08:32:25,009 [WARN] DbBoards:127 - board STEVAL-BFA001V1B has no document id list !
2022-02-04 08:32:25,009 [WARN] DbBoards:127 - board STEVAL-BFA001V2B has no document id list !
2022-02-04 08:32:25,009 [WARN] DbBoards:127 - board STEVAL-IDP005V1 has no document id list !
2022-02-04 08:32:25,009 [WARN] DbBoards:127 - board STEVAL-IDP005V2 has no document id list !
2022-02-04 08:32:25,009 [WARN] DbBoards:127 - board STEVAL-MKSBOX1V1 has no document id list !
2022-02-04 08:32:25,009 [WARN] DbBoards:127 - board STEVAL-STWINKT1 has no document id list !
2022-02-04 08:32:25,009 [WARN] DbBoards:127 - board STEVAL-STWINKT1B has no document id list !
2022-02-04 08:32:25,009 [WARN] DbBoards:127 - board STM32F401C-DISCO has no document id list !
2022-02-04 08:32:25,009 [WARN] DbBoards:127 - board STM32F769I-DISC1 has no document id list !
2022-02-04 08:32:25,009 [WARN] DbBoards:127 - board STM32G0C1E-EV has no document id list !
2022-02-04 08:32:25,009 [WARN] DbBoards:127 - board STM32G474E-EVAL1 has no document id list !
2022-02-04 08:32:25,009 [WARN] DbBoards:127 - board STM32H743I-EVAL2 has no document id list !
2022-02-04 08:32:25,009 [WARN] DbBoards:127 - board STM32H747I-DISC1 has no document id list !
2022-02-04 08:32:25,009 [WARN] DbBoards:127 - board STM32H753I-EVAL2 has no document id list !
2022-02-04 08:32:25,009 [WARN] DbBoards:127 - board STM32L-DISCOVERY has no document id list !
2022-02-04 08:32:25,009 [WARN] DbBoards:127 - board STM32MP157A-DK1 has no document id list !
2022-02-04 08:32:25,009 [WARN] DbBoards:127 - board STM32MP157D-DK1 has no document id list !
2022-02-04 08:32:25,009 [WARN] DbBoards:127 - board STM32MP157D-EV1 has no document id list !
2022-02-04 08:32:25,009 [WARN] DbBoards:127 - board STM32MP157F-DK2 has no document id list !
2022-02-04 08:32:25,009 [WARN] DbBoards:127 - board STM32MP157F-EV1 has no document id list !
2022-02-04 08:32:25,009 [WARN] DbBoards:127 - board STM32U575I-EV has no document id list !
2022-02-04 08:32:25,009 [WARN] DbBoards:127 - board STM32WB5MM-DK has no document id list !
2022-02-04 08:32:26,759 [INFO] ServerAccessManage:362 - Download File STMicroelectronics.X-CUBE-NFC4.pdsc
2022-02-04 08:32:27,306 [WARN] MainUpdater:1122 - Updater busy. Cannot search thirdparties
2022-02-04 08:32:27,306 [INFO] ThirdPartyUpdaterWithRetryManager:92 - Updater plugin is busy. [9/15]
2022-02-04 08:32:27,759 [INFO] ApiDb:242 - User favorites file not found: C:\Users\teob0014/.stm32cubeide/favorites.boards.txt
2022-02-04 08:32:27,759 [INFO] DbBoards:206 - Set 0 / 0 favorites Boards
2022-02-04 08:32:30,149 [INFO] ServerAccessManage:362 - Download File STMicroelectronics.X-CUBE-SFXS2LP1.pdsc
2022-02-04 08:32:30,321 [WARN] MainUpdater:1122 - Updater busy. Cannot search thirdparties
2022-02-04 08:32:30,321 [INFO] ThirdPartyUpdaterWithRetryManager:92 - Updater plugin is busy. [10/15]
2022-02-04 08:32:31,494 [INFO] ServerAccessManage:362 - Download File STMicroelectronics.X-CUBE-SUBG2.pdsc
2022-02-04 08:32:33,322 [WARN] MainUpdater:1122 - Updater busy. Cannot search thirdparties
2022-02-04 08:32:33,322 [INFO] ThirdPartyUpdaterWithRetryManager:92 - Updater plugin is busy. [11/15]
2022-02-04 08:32:34,774 [INFO] ServerAccessManage:362 - Download File STMicroelectronics.X-CUBE-TOF1.pdsc
2022-02-04 08:32:35,571 [ERROR] ServerAccessManage:974 - Problem, file not found on Server
2022-02-04 08:32:36,165 [INFO] ServerAccessManage:362 - Download File STMicroelectronics.X-CUBE-TOUCHGFX.pdsc
2022-02-04 08:32:36,336 [WARN] MainUpdater:1122 - Updater busy. Cannot search thirdparties
2022-02-04 08:32:36,336 [INFO] ThirdPartyUpdaterWithRetryManager:92 - Updater plugin is busy. [12/15]
2022-02-04 08:32:39,039 [INFO] ServerAccessManage:362 - Download File STMicroelectronics.X-CUBE-ALGOBUILD.pdsc
2022-02-04 08:32:39,351 [WARN] MainUpdater:1122 - Updater busy. Cannot search thirdparties
2022-02-04 08:32:39,351 [INFO] ThirdPartyUpdaterWithRetryManager:92 - Updater plugin is busy. [13/15]
2022-02-04 08:32:39,820 [ERROR] LogOutputStream:74 - [STDERR_REDIRECT] Exception in thread "AWT-EventQueue-0" org.eclipse.swt.SWTException: Device is disposed
2022-02-04 08:32:39,820 [ERROR] LogOutputStream:74 - [STDERR_REDIRECT] 	at org.eclipse.swt.SWT.error(SWT.java:4889)
2022-02-04 08:32:39,820 [ERROR] LogOutputStream:74 - [STDERR_REDIRECT] 	at org.eclipse.swt.SWT.error(SWT.java:4804)
2022-02-04 08:32:39,820 [ERROR] LogOutputStream:74 - [STDERR_REDIRECT] 	at org.eclipse.swt.SWT.error(SWT.java:4775)
2022-02-04 08:32:39,820 [ERROR] LogOutputStream:74 - [STDERR_REDIRECT] 	at org.eclipse.swt.widgets.Display.error(Display.java:1262)
2022-02-04 08:32:39,820 [ERROR] LogOutputStream:74 - [STDERR_REDIRECT] 	at org.eclipse.swt.widgets.Display.asyncExec(Display.java:779)
2022-02-04 08:32:39,820 [ERROR] LogOutputStream:74 - [STDERR_REDIRECT] 	at com.st.stm32cube.common.mx.oss.core.awtswtbridge.AwtEnvironment$2.run(AwtEnvironment.java:168)
2022-02-04 08:32:39,820 [ERROR] LogOutputStream:74 - [STDERR_REDIRECT] 	at java.desktop/java.awt.event.InvocationEvent.dispatch(InvocationEvent.java:313)
2022-02-04 08:32:39,820 [ERROR] LogOutputStream:74 - [STDERR_REDIRECT] 	at java.desktop/java.awt.EventQueue.dispatchEventImpl(EventQueue.java:770)
2022-02-04 08:32:39,820 [ERROR] LogOutputStream:74 - [STDERR_REDIRECT] 	at java.desktop/java.awt.EventQueue$4.run(EventQueue.java:721)
2022-02-04 08:32:39,820 [ERROR] LogOutputStream:74 - [STDERR_REDIRECT] 	at java.desktop/java.awt.EventQueue$4.run(EventQueue.java:715)
2022-02-04 08:32:39,820 [ERROR] LogOutputStream:74 - [STDERR_REDIRECT] 	at java.base/java.security.AccessController.doPrivileged(Native Method)
2022-02-04 08:32:39,820 [ERROR] LogOutputStream:74 - [STDERR_REDIRECT] 	at java.base/java.security.ProtectionDomain$JavaSecurityAccessImpl.doIntersectionPrivilege(ProtectionDomain.java:85)
2022-02-04 08:32:39,820 [ERROR] LogOutputStream:74 - [STDERR_REDIRECT] 	at java.desktop/java.awt.EventQueue.dispatchEvent(EventQueue.java:740)
2022-02-04 08:32:39,835 [ERROR] LogOutputStream:74 - [STDERR_REDIRECT] 	at java.desktop/java.awt.EventDispatchThread.pumpOneEventForFilters(EventDispatchThread.java:203)
2022-02-04 08:32:39,835 [ERROR] LogOutputStream:74 - [STDERR_REDIRECT] 	at java.desktop/java.awt.EventDispatchThread.pumpEventsForFilter(EventDispatchThread.java:124)
2022-02-04 08:32:39,835 [ERROR] LogOutputStream:74 - [STDERR_REDIRECT] 	at java.desktop/java.awt.EventDispatchThread.pumpEventsForHierarchy(EventDispatchThread.java:113)
2022-02-04 08:32:39,835 [ERROR] LogOutputStream:74 - [STDERR_REDIRECT] 	at java.desktop/java.awt.EventDispatchThread.pumpEvents(EventDispatchThread.java:109)
2022-02-04 08:32:39,835 [ERROR] LogOutputStream:74 - [STDERR_REDIRECT] 	at java.desktop/java.awt.EventDispatchThread.pumpEvents(EventDispatchThread.java:101)
2022-02-04 08:32:39,835 [ERROR] LogOutputStream:74 - [STDERR_REDIRECT] 	at java.desktop/java.awt.EventDispatchThread.run(EventDispatchThread.java:90)
2022-02-04 08:32:40,273 [ERROR] ExternalUserPreferencesManager:603 - Error while get path from external application: null
2022-02-04 08:32:40,273 [ERROR] ExternalUserPreferencesManager:333 - Error while get preference info from external application: null
2022-02-04 08:32:40,273 [ERROR] ExternalUserPreferencesManager:557 - Error while get preference info from external application: null
